
ROM used: 1860 (6%)
          1864 (6%) including unused fragments

          3 Average locations per line
          14 Average locations per statement

RAM used: 111 (5%) at main() level
          263 (13%) worst case

Stack used: 3 worst case (out of 31 total available)

Lines Stmts  %   Files
----- ----- ---  -----
  135   102  75  0Bluetooth_CCSBD.c
   87    34  25  SanUSBfly.h
  430     0   0  ..\..\..\..\..\..\..\..\Program Files (x86)\PICC4\devices\18F4550.h
----- -----
  652   136 Total

Page ROM  %  RAM   Vol Diff  Functions:
---- --- --- ---   --- ----  ----------
0     40   1   1             @delay_ms1
0     12   0   1    57  3.0  swputc
0     50   1   3   114  3.4  sendsw
0    366  10   7   472  3.8  sendnum
0     66   2   5             @DIV1616
0    102   3   8   390  4.5  taxa_serial
0    180   5  13             @DIV3232
0    224   6   3  1721  7.4  recepcao_serial
0    508  14   4  1254  6.8  MAIN
0    158   4   0             @const122

Program metrics:
    Functions               6
    Statements              136
    Comments                208
    Volume (V)              5365
    Difficilty (D)          29.1
    Effort to implement (E) 155871
    Time to implement (T)   2 hours, 24 minutes
    Est Delivered Bugs (B)  1
    Cyclomatic Complexity   17
    Maintainability (MI)    99

 Segment     Used  Free
-----------  ----  ----
00000-00FFE     0  4096  
01000-01006     4  4  
01008-0109C   150  0  
0109E-07FFE  1706  26808  



